<?xml version="1.0" encoding="UTF-8"?>
<!-- Generated by org.testng.reporters.JUnitReportReporter -->
<testsuite hostname="LAPTOP-H8BM8J34" failures="0" tests="1" name="com.LoginTest.Test_1" time="10.762" errors="0" timestamp="2023-01-27T00:07:43 IST" skipped="0">
  <testcase classname="com.LoginTest.Test_1" name="Test1" time="10.762"/>
  <system-out/>
</testsuite> <!-- com.LoginTest.Test_1 -->
